<?xml version="1.0" encoding="UTF-8"?>
<coverage generated="1532121842060" clover="3.2.0">
  <project timestamp="1532121842060" name="All files">
    <metrics statements="81" coveredstatements="73" conditionals="30" coveredconditionals="13" methods="34" coveredmethods="28" elements="145" coveredelements="114" complexity="0" loc="81" ncloc="81" packages="6" files="10" classes="10">
      <package name="Toolies">
        <metrics statements="1" coveredstatements="1" conditionals="0" coveredconditionals="0" methods="0" coveredmethods="0"/>
        <file name="knexfile.js" path="/Users/bradleyadams/Desktop/DevWork/workspace/Toolies/knexfile.js">
          <metrics statements="1" coveredstatements="1" conditionals="0" coveredconditionals="0" methods="0" coveredmethods="0"/>
          <line num="3" count="1" type="stmt"/>
        </file>
      </package>
      <package name="Toolies.migrations">
        <metrics statements="21" coveredstatements="19" conditionals="0" coveredconditionals="0" methods="6" coveredmethods="4"/>
        <file name="20180719105837_users.js" path="/Users/bradleyadams/Desktop/DevWork/workspace/Toolies/migrations/20180719105837_users.js">
          <metrics statements="10" coveredstatements="9" conditionals="0" coveredconditionals="0" methods="3" coveredmethods="2"/>
          <line num="2" count="1" type="stmt"/>
          <line num="3" count="11" type="stmt"/>
          <line num="4" count="11" type="stmt"/>
          <line num="5" count="11" type="stmt"/>
          <line num="6" count="11" type="stmt"/>
          <line num="7" count="11" type="stmt"/>
          <line num="8" count="11" type="stmt"/>
          <line num="9" count="11" type="stmt"/>
          <line num="13" count="1" type="stmt"/>
          <line num="14" count="0" type="stmt"/>
        </file>
        <file name="20180719105852_gear.js" path="/Users/bradleyadams/Desktop/DevWork/workspace/Toolies/migrations/20180719105852_gear.js">
          <metrics statements="11" coveredstatements="10" conditionals="0" coveredconditionals="0" methods="3" coveredmethods="2"/>
          <line num="2" count="1" type="stmt"/>
          <line num="3" count="11" type="stmt"/>
          <line num="4" count="11" type="stmt"/>
          <line num="5" count="11" type="stmt"/>
          <line num="6" count="11" type="stmt"/>
          <line num="7" count="11" type="stmt"/>
          <line num="8" count="11" type="stmt"/>
          <line num="9" count="11" type="stmt"/>
          <line num="10" count="11" type="stmt"/>
          <line num="14" count="1" type="stmt"/>
          <line num="15" count="0" type="stmt"/>
        </file>
      </package>
      <package name="Toolies.seeds">
        <metrics statements="8" coveredstatements="8" conditionals="0" coveredconditionals="0" methods="4" coveredmethods="4"/>
        <file name="populateGear.js" path="/Users/bradleyadams/Desktop/DevWork/workspace/Toolies/seeds/populateGear.js">
          <metrics statements="3" coveredstatements="3" conditionals="0" coveredconditionals="0" methods="2" coveredmethods="2"/>
          <line num="2" count="1" type="stmt"/>
          <line num="4" count="11" type="stmt"/>
          <line num="8" count="11" type="stmt"/>
        </file>
        <file name="populateUsers.js" path="/Users/bradleyadams/Desktop/DevWork/workspace/Toolies/seeds/populateUsers.js">
          <metrics statements="5" coveredstatements="5" conditionals="0" coveredconditionals="0" methods="2" coveredmethods="2"/>
          <line num="1" count="1" type="stmt"/>
          <line num="2" count="1" type="stmt"/>
          <line num="4" count="1" type="stmt"/>
          <line num="6" count="11" type="stmt"/>
          <line num="9" count="11" type="stmt"/>
        </file>
      </package>
      <package name="Toolies.server.auth">
        <metrics statements="4" coveredstatements="3" conditionals="0" coveredconditionals="0" methods="2" coveredmethods="1"/>
        <file name="hash.js" path="/Users/bradleyadams/Desktop/DevWork/workspace/Toolies/server/auth/hash.js">
          <metrics statements="4" coveredstatements="3" conditionals="0" coveredconditionals="0" methods="2" coveredmethods="1"/>
          <line num="1" count="1" type="stmt"/>
          <line num="4" count="1" type="stmt"/>
          <line num="8" count="0" type="stmt"/>
          <line num="11" count="1" type="stmt"/>
        </file>
      </package>
      <package name="Toolies.server.db">
        <metrics statements="40" coveredstatements="35" conditionals="30" coveredconditionals="13" methods="18" coveredmethods="15"/>
        <file name="connection.js" path="/Users/bradleyadams/Desktop/DevWork/workspace/Toolies/server/db/connection.js">
          <metrics statements="3" coveredstatements="3" conditionals="2" coveredconditionals="1" methods="0" coveredmethods="0"/>
          <line num="1" count="1" type="stmt"/>
          <line num="2" count="1" type="cond" truecount="1" falsecount="1"/>
          <line num="4" count="1" type="stmt"/>
        </file>
        <file name="gear.js" path="/Users/bradleyadams/Desktop/DevWork/workspace/Toolies/server/db/gear.js">
          <metrics statements="16" coveredstatements="12" conditionals="14" coveredconditionals="5" methods="7" coveredmethods="5"/>
          <line num="1" count="1" type="stmt"/>
          <line num="4" count="1" type="cond" truecount="1" falsecount="1"/>
          <line num="5" count="1" type="stmt"/>
          <line num="10" count="1" type="cond" truecount="1" falsecount="1"/>
          <line num="11" count="1" type="stmt"/>
          <line num="16" count="1" type="cond" truecount="1" falsecount="1"/>
          <line num="17" count="1" type="stmt"/>
          <line num="23" count="0" type="cond" truecount="0" falsecount="2"/>
          <line num="24" count="0" type="stmt"/>
          <line num="29" count="1" type="cond" truecount="1" falsecount="1"/>
          <line num="30" count="1" type="stmt"/>
          <line num="34" count="1" type="cond" truecount="1" falsecount="1"/>
          <line num="35" count="1" type="stmt"/>
          <line num="39" count="0" type="cond" truecount="0" falsecount="2"/>
          <line num="40" count="0" type="stmt"/>
          <line num="44" count="1" type="stmt"/>
        </file>
        <file name="users.js" path="/Users/bradleyadams/Desktop/DevWork/workspace/Toolies/server/db/users.js">
          <metrics statements="21" coveredstatements="20" conditionals="14" coveredconditionals="7" methods="11" coveredmethods="10"/>
          <line num="1" count="1" type="stmt"/>
          <line num="2" count="1" type="stmt"/>
          <line num="5" count="1" type="cond" truecount="1" falsecount="1"/>
          <line num="6" count="1" type="stmt"/>
          <line num="7" count="1" type="stmt"/>
          <line num="8" count="1" type="cond" truecount="1" falsecount="1"/>
          <line num="9" count="1" type="stmt"/>
          <line num="11" count="1" type="stmt"/>
          <line num="12" count="0" type="stmt"/>
          <line num="18" count="1" type="cond" truecount="1" falsecount="1"/>
          <line num="19" count="1" type="stmt"/>
          <line num="22" count="1" type="stmt"/>
          <line num="28" count="1" type="cond" truecount="1" falsecount="1"/>
          <line num="29" count="1" type="stmt"/>
          <line num="35" count="1" type="cond" truecount="1" falsecount="1"/>
          <line num="36" count="1" type="stmt"/>
          <line num="42" count="1" type="cond" truecount="1" falsecount="1"/>
          <line num="43" count="1" type="stmt"/>
          <line num="48" count="1" type="cond" truecount="1" falsecount="1"/>
          <line num="49" count="1" type="stmt"/>
          <line num="56" count="1" type="stmt"/>
        </file>
      </package>
      <package name="Toolies.test.server.db">
        <metrics statements="7" coveredstatements="7" conditionals="0" coveredconditionals="0" methods="4" coveredmethods="4"/>
        <file name="test-environment.js" path="/Users/bradleyadams/Desktop/DevWork/workspace/Toolies/test/server/db/test-environment.js">
          <metrics statements="7" coveredstatements="7" conditionals="0" coveredconditionals="0" methods="4" coveredmethods="4"/>
          <line num="1" count="1" type="stmt"/>
          <line num="3" count="1" type="stmt"/>
          <line num="5" count="1" type="stmt"/>
          <line num="7" count="11" type="stmt"/>
          <line num="12" count="11" type="stmt"/>
          <line num="14" count="11" type="stmt"/>
          <line num="20" count="11" type="stmt"/>
        </file>
      </package>
    </metrics>
  </project>
</coverage>
