{"/Users/bradleyadams/Desktop/DevWork/workspace/Toolies/knexfile.js": {"path":"/Users/bradleyadams/Desktop/DevWork/workspace/Toolies/knexfile.js","statementMap":{"0":{"start":{"line":3,"column":0},"end":{"line":33,"column":2}}},"fnMap":{},"branchMap":{},"s":{"0":1},"f":{},"b":{},"_coverageSchema":"332fd63041d2c1bcb487cc26dd0d5f7d97098a6c","hash":"4637e13d8433e103e7ac10054667a64ebd5a7efd"}
,"/Users/bradleyadams/Desktop/DevWork/workspace/Toolies/migrations/20180719105837_users.js": {"path":"/Users/bradleyadams/Desktop/DevWork/workspace/Toolies/migrations/20180719105837_users.js","statementMap":{"0":{"start":{"line":2,"column":0},"end":{"line":11,"column":4}},"1":{"start":{"line":3,"column":4},"end":{"line":10,"column":6}},"2":{"start":{"line":4,"column":6},"end":{"line":4,"column":28}},"3":{"start":{"line":5,"column":6},"end":{"line":5,"column":32}},"4":{"start":{"line":6,"column":6},"end":{"line":6,"column":31}},"5":{"start":{"line":7,"column":6},"end":{"line":7,"column":31}},"6":{"start":{"line":8,"column":6},"end":{"line":8,"column":35}},"7":{"start":{"line":9,"column":6},"end":{"line":9,"column":26}},"8":{"start":{"line":13,"column":2},"end":{"line":15,"column":4}},"9":{"start":{"line":14,"column":4},"end":{"line":14,"column":49}}},"fnMap":{"0":{"name":"(anonymous_0)","decl":{"start":{"line":2,"column":13},"end":{"line":2,"column":14}},"loc":{"start":{"line":2,"column":37},"end":{"line":11,"column":3}},"line":2},"1":{"name":"(anonymous_1)","decl":{"start":{"line":3,"column":55},"end":{"line":3,"column":56}},"loc":{"start":{"line":3,"column":64},"end":{"line":10,"column":5}},"line":3},"2":{"name":"(anonymous_2)","decl":{"start":{"line":13,"column":17},"end":{"line":13,"column":18}},"loc":{"start":{"line":13,"column":41},"end":{"line":15,"column":3}},"line":13}},"branchMap":{},"s":{"0":1,"1":11,"2":11,"3":11,"4":11,"5":11,"6":11,"7":11,"8":1,"9":0},"f":{"0":11,"1":11,"2":0},"b":{},"_coverageSchema":"332fd63041d2c1bcb487cc26dd0d5f7d97098a6c","hash":"967c4fb1d538f6f74a8e793d8d341126056b51a3"}
,"/Users/bradleyadams/Desktop/DevWork/workspace/Toolies/migrations/20180719105852_gear.js": {"path":"/Users/bradleyadams/Desktop/DevWork/workspace/Toolies/migrations/20180719105852_gear.js","statementMap":{"0":{"start":{"line":2,"column":0},"end":{"line":12,"column":4}},"1":{"start":{"line":3,"column":4},"end":{"line":11,"column":6}},"2":{"start":{"line":4,"column":6},"end":{"line":4,"column":28}},"3":{"start":{"line":5,"column":6},"end":{"line":5,"column":28}},"4":{"start":{"line":6,"column":6},"end":{"line":6,"column":36}},"5":{"start":{"line":7,"column":6},"end":{"line":7,"column":26}},"6":{"start":{"line":8,"column":6},"end":{"line":8,"column":33}},"7":{"start":{"line":9,"column":6},"end":{"line":9,"column":31}},"8":{"start":{"line":10,"column":6},"end":{"line":10,"column":30}},"9":{"start":{"line":14,"column":2},"end":{"line":16,"column":4}},"10":{"start":{"line":15,"column":4},"end":{"line":15,"column":48}}},"fnMap":{"0":{"name":"(anonymous_0)","decl":{"start":{"line":2,"column":13},"end":{"line":2,"column":14}},"loc":{"start":{"line":2,"column":37},"end":{"line":12,"column":3}},"line":2},"1":{"name":"(anonymous_1)","decl":{"start":{"line":3,"column":54},"end":{"line":3,"column":55}},"loc":{"start":{"line":3,"column":63},"end":{"line":11,"column":5}},"line":3},"2":{"name":"(anonymous_2)","decl":{"start":{"line":14,"column":17},"end":{"line":14,"column":18}},"loc":{"start":{"line":14,"column":41},"end":{"line":16,"column":3}},"line":14}},"branchMap":{},"s":{"0":1,"1":11,"2":11,"3":11,"4":11,"5":11,"6":11,"7":11,"8":11,"9":1,"10":0},"f":{"0":11,"1":11,"2":0},"b":{},"_coverageSchema":"332fd63041d2c1bcb487cc26dd0d5f7d97098a6c","hash":"ed618d881a46455f0369ace94a1eadc9a0103645"}
,"/Users/bradleyadams/Desktop/DevWork/workspace/Toolies/seeds/populateGear.js": {"path":"/Users/bradleyadams/Desktop/DevWork/workspace/Toolies/seeds/populateGear.js","statementMap":{"0":{"start":{"line":2,"column":0},"end":{"line":47,"column":2}},"1":{"start":{"line":4,"column":2},"end":{"line":46,"column":7}},"2":{"start":{"line":8,"column":6},"end":{"line":45,"column":9}}},"fnMap":{"0":{"name":"(anonymous_0)","decl":{"start":{"line":2,"column":15},"end":{"line":2,"column":16}},"loc":{"start":{"line":2,"column":39},"end":{"line":47,"column":1}},"line":2},"1":{"name":"(anonymous_1)","decl":{"start":{"line":5,"column":10},"end":{"line":5,"column":11}},"loc":{"start":{"line":5,"column":22},"end":{"line":46,"column":5}},"line":5}},"branchMap":{},"s":{"0":1,"1":11,"2":11},"f":{"0":11,"1":11},"b":{},"_coverageSchema":"332fd63041d2c1bcb487cc26dd0d5f7d97098a6c","hash":"fcf5b70787a18b41b0d2a71b97db29a6eeb66012"}
,"/Users/bradleyadams/Desktop/DevWork/workspace/Toolies/seeds/populateUsers.js": {"path":"/Users/bradleyadams/Desktop/DevWork/workspace/Toolies/seeds/populateUsers.js","statementMap":{"0":{"start":{"line":1,"column":19},"end":{"line":1,"column":36}},"1":{"start":{"line":2,"column":19},"end":{"line":2,"column":21}},"2":{"start":{"line":4,"column":0},"end":{"line":44,"column":2}},"3":{"start":{"line":6,"column":2},"end":{"line":43,"column":7}},"4":{"start":{"line":9,"column":6},"end":{"line":42,"column":9}}},"fnMap":{"0":{"name":"(anonymous_0)","decl":{"start":{"line":4,"column":15},"end":{"line":4,"column":16}},"loc":{"start":{"line":4,"column":39},"end":{"line":44,"column":1}},"line":4},"1":{"name":"(anonymous_1)","decl":{"start":{"line":7,"column":10},"end":{"line":7,"column":11}},"loc":{"start":{"line":7,"column":22},"end":{"line":43,"column":5}},"line":7}},"branchMap":{},"s":{"0":1,"1":1,"2":1,"3":11,"4":11},"f":{"0":11,"1":11},"b":{},"_coverageSchema":"332fd63041d2c1bcb487cc26dd0d5f7d97098a6c","hash":"738d822915015f0352b1cea0684e18b82587a33f"}
,"/Users/bradleyadams/Desktop/DevWork/workspace/Toolies/server/auth/hash.js": {"path":"/Users/bradleyadams/Desktop/DevWork/workspace/Toolies/server/auth/hash.js","statementMap":{"0":{"start":{"line":1,"column":13},"end":{"line":1,"column":30}},"1":{"start":{"line":4,"column":2},"end":{"line":4,"column":31}},"2":{"start":{"line":8,"column":2},"end":{"line":8,"column":36}},"3":{"start":{"line":11,"column":0},"end":{"line":14,"column":1}}},"fnMap":{"0":{"name":"generate","decl":{"start":{"line":3,"column":9},"end":{"line":3,"column":17}},"loc":{"start":{"line":3,"column":32},"end":{"line":5,"column":1}},"line":3},"1":{"name":"compare","decl":{"start":{"line":7,"column":9},"end":{"line":7,"column":16}},"loc":{"start":{"line":7,"column":38},"end":{"line":9,"column":1}},"line":7}},"branchMap":{},"s":{"0":1,"1":1,"2":0,"3":1},"f":{"0":1,"1":0},"b":{},"_coverageSchema":"332fd63041d2c1bcb487cc26dd0d5f7d97098a6c","hash":"ee35fbe1881954efb4ae344fd9596b7fae1a8b30"}
,"/Users/bradleyadams/Desktop/DevWork/workspace/Toolies/server/db/connection.js": {"path":"/Users/bradleyadams/Desktop/DevWork/workspace/Toolies/server/db/connection.js","statementMap":{"0":{"start":{"line":1,"column":13},"end":{"line":1,"column":28}},"1":{"start":{"line":2,"column":15},"end":{"line":2,"column":79}},"2":{"start":{"line":4,"column":0},"end":{"line":4,"column":29}}},"fnMap":{},"branchMap":{"0":{"loc":{"start":{"line":2,"column":41},"end":{"line":2,"column":78}},"type":"binary-expr","locations":[{"start":{"line":2,"column":41},"end":{"line":2,"column":61}},{"start":{"line":2,"column":65},"end":{"line":2,"column":78}}],"line":2}},"s":{"0":1,"1":1,"2":1},"f":{},"b":{"0":[1,0]},"_coverageSchema":"332fd63041d2c1bcb487cc26dd0d5f7d97098a6c","hash":"d2117cbe1269eddf4bbce90928abdf762462d0a7"}
,"/Users/bradleyadams/Desktop/DevWork/workspace/Toolies/server/db/gear.js": {"path":"/Users/bradleyadams/Desktop/DevWork/workspace/Toolies/server/db/gear.js","statementMap":{"0":{"start":{"line":1,"column":13},"end":{"line":1,"column":36}},"1":{"start":{"line":4,"column":13},"end":{"line":4,"column":27}},"2":{"start":{"line":5,"column":2},"end":{"line":6,"column":46}},"3":{"start":{"line":10,"column":13},"end":{"line":10,"column":27}},"4":{"start":{"line":11,"column":2},"end":{"line":12,"column":13}},"5":{"start":{"line":16,"column":13},"end":{"line":16,"column":27}},"6":{"start":{"line":17,"column":2},"end":{"line":19,"column":12}},"7":{"start":{"line":23,"column":13},"end":{"line":23,"column":27}},"8":{"start":{"line":24,"column":2},"end":{"line":25,"column":21}},"9":{"start":{"line":29,"column":13},"end":{"line":29,"column":27}},"10":{"start":{"line":30,"column":2},"end":{"line":30,"column":32}},"11":{"start":{"line":34,"column":13},"end":{"line":34,"column":27}},"12":{"start":{"line":35,"column":2},"end":{"line":35,"column":44}},"13":{"start":{"line":39,"column":13},"end":{"line":39,"column":27}},"14":{"start":{"line":40,"column":2},"end":{"line":40,"column":37}},"15":{"start":{"line":44,"column":0},"end":{"line":52,"column":1}}},"fnMap":{"0":{"name":"getGearWithUsers","decl":{"start":{"line":3,"column":9},"end":{"line":3,"column":25}},"loc":{"start":{"line":3,"column":35},"end":{"line":7,"column":1}},"line":3},"1":{"name":"getGear","decl":{"start":{"line":9,"column":9},"end":{"line":9,"column":16}},"loc":{"start":{"line":9,"column":26},"end":{"line":13,"column":1}},"line":9},"2":{"name":"getGearByGearId","decl":{"start":{"line":15,"column":9},"end":{"line":15,"column":24}},"loc":{"start":{"line":15,"column":38},"end":{"line":20,"column":1}},"line":15},"3":{"name":"getGearByUserId","decl":{"start":{"line":22,"column":9},"end":{"line":22,"column":24}},"loc":{"start":{"line":22,"column":43},"end":{"line":26,"column":1}},"line":22},"4":{"name":"addGear","decl":{"start":{"line":28,"column":9},"end":{"line":28,"column":16}},"loc":{"start":{"line":28,"column":31},"end":{"line":31,"column":1}},"line":28},"5":{"name":"updateGear","decl":{"start":{"line":33,"column":9},"end":{"line":33,"column":19}},"loc":{"start":{"line":33,"column":38},"end":{"line":36,"column":1}},"line":33},"6":{"name":"removeGearById","decl":{"start":{"line":38,"column":9},"end":{"line":38,"column":23}},"loc":{"start":{"line":38,"column":36},"end":{"line":41,"column":1}},"line":38}},"branchMap":{"0":{"loc":{"start":{"line":4,"column":13},"end":{"line":4,"column":27}},"type":"binary-expr","locations":[{"start":{"line":4,"column":13},"end":{"line":4,"column":19}},{"start":{"line":4,"column":23},"end":{"line":4,"column":27}}],"line":4},"1":{"loc":{"start":{"line":10,"column":13},"end":{"line":10,"column":27}},"type":"binary-expr","locations":[{"start":{"line":10,"column":13},"end":{"line":10,"column":19}},{"start":{"line":10,"column":23},"end":{"line":10,"column":27}}],"line":10},"2":{"loc":{"start":{"line":16,"column":13},"end":{"line":16,"column":27}},"type":"binary-expr","locations":[{"start":{"line":16,"column":13},"end":{"line":16,"column":19}},{"start":{"line":16,"column":23},"end":{"line":16,"column":27}}],"line":16},"3":{"loc":{"start":{"line":23,"column":13},"end":{"line":23,"column":27}},"type":"binary-expr","locations":[{"start":{"line":23,"column":13},"end":{"line":23,"column":19}},{"start":{"line":23,"column":23},"end":{"line":23,"column":27}}],"line":23},"4":{"loc":{"start":{"line":29,"column":13},"end":{"line":29,"column":27}},"type":"binary-expr","locations":[{"start":{"line":29,"column":13},"end":{"line":29,"column":19}},{"start":{"line":29,"column":23},"end":{"line":29,"column":27}}],"line":29},"5":{"loc":{"start":{"line":34,"column":13},"end":{"line":34,"column":27}},"type":"binary-expr","locations":[{"start":{"line":34,"column":13},"end":{"line":34,"column":19}},{"start":{"line":34,"column":23},"end":{"line":34,"column":27}}],"line":34},"6":{"loc":{"start":{"line":39,"column":13},"end":{"line":39,"column":27}},"type":"binary-expr","locations":[{"start":{"line":39,"column":13},"end":{"line":39,"column":19}},{"start":{"line":39,"column":23},"end":{"line":39,"column":27}}],"line":39}},"s":{"0":1,"1":1,"2":1,"3":1,"4":1,"5":1,"6":1,"7":0,"8":0,"9":1,"10":1,"11":1,"12":1,"13":0,"14":0,"15":1},"f":{"0":1,"1":1,"2":1,"3":0,"4":1,"5":1,"6":0},"b":{"0":[1,0],"1":[1,0],"2":[1,0],"3":[0,0],"4":[1,0],"5":[1,0],"6":[0,0]},"_coverageSchema":"332fd63041d2c1bcb487cc26dd0d5f7d97098a6c","hash":"b06d72ea1081a73a1d1d3afe35115c1f74662b6a"}
,"/Users/bradleyadams/Desktop/DevWork/workspace/Toolies/server/db/users.js": {"path":"/Users/bradleyadams/Desktop/DevWork/workspace/Toolies/server/db/users.js","statementMap":{"0":{"start":{"line":1,"column":11},"end":{"line":1,"column":34}},"1":{"start":{"line":2,"column":13},"end":{"line":2,"column":36}},"2":{"start":{"line":5,"column":13},"end":{"line":5,"column":27}},"3":{"start":{"line":6,"column":2},"end":{"line":14,"column":4}},"4":{"start":{"line":7,"column":4},"end":{"line":13,"column":6}},"5":{"start":{"line":8,"column":6},"end":{"line":8,"column":26}},"6":{"start":{"line":8,"column":15},"end":{"line":8,"column":26}},"7":{"start":{"line":9,"column":6},"end":{"line":12,"column":34}},"8":{"start":{"line":11,"column":25},"end":{"line":11,"column":41}},"9":{"start":{"line":12,"column":22},"end":{"line":12,"column":33}},"10":{"start":{"line":18,"column":13},"end":{"line":18,"column":27}},"11":{"start":{"line":19,"column":2},"end":{"line":22,"column":25}},"12":{"start":{"line":22,"column":18},"end":{"line":22,"column":24}},"13":{"start":{"line":28,"column":13},"end":{"line":28,"column":27}},"14":{"start":{"line":29,"column":2},"end":{"line":31,"column":12}},"15":{"start":{"line":35,"column":13},"end":{"line":35,"column":27}},"16":{"start":{"line":36,"column":2},"end":{"line":38,"column":12}},"17":{"start":{"line":42,"column":13},"end":{"line":42,"column":27}},"18":{"start":{"line":43,"column":2},"end":{"line":44,"column":13}},"19":{"start":{"line":48,"column":13},"end":{"line":48,"column":27}},"20":{"start":{"line":49,"column":2},"end":{"line":51,"column":20}},"21":{"start":{"line":56,"column":0},"end":{"line":63,"column":1}}},"fnMap":{"0":{"name":"createUser","decl":{"start":{"line":4,"column":9},"end":{"line":4,"column":19}},"loc":{"start":{"line":4,"column":88},"end":{"line":15,"column":1}},"line":4},"1":{"name":"(anonymous_1)","decl":{"start":{"line":6,"column":22},"end":{"line":6,"column":23}},"loc":{"start":{"line":6,"column":43},"end":{"line":14,"column":3}},"line":6},"2":{"name":"(anonymous_2)","decl":{"start":{"line":7,"column":28},"end":{"line":7,"column":29}},"loc":{"start":{"line":7,"column":43},"end":{"line":13,"column":5}},"line":7},"3":{"name":"(anonymous_3)","decl":{"start":{"line":11,"column":14},"end":{"line":11,"column":15}},"loc":{"start":{"line":11,"column":25},"end":{"line":11,"column":41}},"line":11},"4":{"name":"(anonymous_4)","decl":{"start":{"line":12,"column":15},"end":{"line":12,"column":16}},"loc":{"start":{"line":12,"column":22},"end":{"line":12,"column":33}},"line":12},"5":{"name":"userExists","decl":{"start":{"line":17,"column":9},"end":{"line":17,"column":19}},"loc":{"start":{"line":17,"column":40},"end":{"line":23,"column":1}},"line":17},"6":{"name":"(anonymous_6)","decl":{"start":{"line":22,"column":10},"end":{"line":22,"column":11}},"loc":{"start":{"line":22,"column":18},"end":{"line":22,"column":24}},"line":22},"7":{"name":"getUserByName","decl":{"start":{"line":27,"column":9},"end":{"line":27,"column":22}},"loc":{"start":{"line":27,"column":43},"end":{"line":32,"column":1}},"line":27},"8":{"name":"getUserById","decl":{"start":{"line":34,"column":9},"end":{"line":34,"column":20}},"loc":{"start":{"line":34,"column":34},"end":{"line":39,"column":1}},"line":34},"9":{"name":"getUsers","decl":{"start":{"line":41,"column":9},"end":{"line":41,"column":17}},"loc":{"start":{"line":41,"column":27},"end":{"line":45,"column":1}},"line":41},"10":{"name":"updateUser","decl":{"start":{"line":47,"column":9},"end":{"line":47,"column":19}},"loc":{"start":{"line":47,"column":42},"end":{"line":52,"column":1}},"line":47}},"branchMap":{"0":{"loc":{"start":{"line":5,"column":13},"end":{"line":5,"column":27}},"type":"binary-expr","locations":[{"start":{"line":5,"column":13},"end":{"line":5,"column":19}},{"start":{"line":5,"column":23},"end":{"line":5,"column":27}}],"line":5},"1":{"loc":{"start":{"line":8,"column":6},"end":{"line":8,"column":26}},"type":"if","locations":[{"start":{"line":8,"column":6},"end":{"line":8,"column":26}},{"start":{"line":8,"column":6},"end":{"line":8,"column":26}}],"line":8},"2":{"loc":{"start":{"line":18,"column":13},"end":{"line":18,"column":27}},"type":"binary-expr","locations":[{"start":{"line":18,"column":13},"end":{"line":18,"column":19}},{"start":{"line":18,"column":23},"end":{"line":18,"column":27}}],"line":18},"3":{"loc":{"start":{"line":28,"column":13},"end":{"line":28,"column":27}},"type":"binary-expr","locations":[{"start":{"line":28,"column":13},"end":{"line":28,"column":19}},{"start":{"line":28,"column":23},"end":{"line":28,"column":27}}],"line":28},"4":{"loc":{"start":{"line":35,"column":13},"end":{"line":35,"column":27}},"type":"binary-expr","locations":[{"start":{"line":35,"column":13},"end":{"line":35,"column":19}},{"start":{"line":35,"column":23},"end":{"line":35,"column":27}}],"line":35},"5":{"loc":{"start":{"line":42,"column":13},"end":{"line":42,"column":27}},"type":"binary-expr","locations":[{"start":{"line":42,"column":13},"end":{"line":42,"column":19}},{"start":{"line":42,"column":23},"end":{"line":42,"column":27}}],"line":42},"6":{"loc":{"start":{"line":48,"column":13},"end":{"line":48,"column":27}},"type":"binary-expr","locations":[{"start":{"line":48,"column":13},"end":{"line":48,"column":19}},{"start":{"line":48,"column":23},"end":{"line":48,"column":27}}],"line":48}},"s":{"0":1,"1":1,"2":1,"3":1,"4":1,"5":1,"6":0,"7":1,"8":1,"9":0,"10":1,"11":1,"12":1,"13":1,"14":1,"15":1,"16":1,"17":1,"18":1,"19":1,"20":1,"21":1},"f":{"0":1,"1":1,"2":1,"3":1,"4":0,"5":1,"6":1,"7":1,"8":1,"9":1,"10":1},"b":{"0":[1,0],"1":[0,1],"2":[1,0],"3":[1,0],"4":[1,0],"5":[1,0],"6":[1,0]},"_coverageSchema":"332fd63041d2c1bcb487cc26dd0d5f7d97098a6c","hash":"6756548979953e793ce5341d481792c8dd424a83"}
,"/Users/bradleyadams/Desktop/DevWork/workspace/Toolies/test/server/db/test-environment.js": {"path":"/Users/bradleyadams/Desktop/DevWork/workspace/Toolies/test/server/db/test-environment.js","statementMap":{"0":{"start":{"line":1,"column":13},"end":{"line":1,"column":28}},"1":{"start":{"line":3,"column":19},"end":{"line":3,"column":52}},"2":{"start":{"line":5,"column":0},"end":{"line":22,"column":1}},"3":{"start":{"line":7,"column":19},"end":{"line":7,"column":35}},"4":{"start":{"line":12,"column":4},"end":{"line":15,"column":8}},"5":{"start":{"line":14,"column":8},"end":{"line":14,"column":28}},"6":{"start":{"line":20,"column":4},"end":{"line":20,"column":23}}},"fnMap":{"0":{"name":"(anonymous_0)","decl":{"start":{"line":7,"column":13},"end":{"line":7,"column":14}},"loc":{"start":{"line":7,"column":19},"end":{"line":7,"column":35}},"line":7},"1":{"name":"(anonymous_1)","decl":{"start":{"line":11,"column":14},"end":{"line":11,"column":15}},"loc":{"start":{"line":11,"column":22},"end":{"line":16,"column":3}},"line":11},"2":{"name":"(anonymous_2)","decl":{"start":{"line":13,"column":12},"end":{"line":13,"column":13}},"loc":{"start":{"line":13,"column":18},"end":{"line":15,"column":7}},"line":13},"3":{"name":"(anonymous_3)","decl":{"start":{"line":19,"column":11},"end":{"line":19,"column":12}},"loc":{"start":{"line":19,"column":19},"end":{"line":21,"column":3}},"line":19}},"branchMap":{},"s":{"0":1,"1":1,"2":1,"3":11,"4":11,"5":11,"6":11},"f":{"0":11,"1":11,"2":11,"3":11},"b":{},"_coverageSchema":"332fd63041d2c1bcb487cc26dd0d5f7d97098a6c","hash":"652f8df39c38319d0f67c8e61d6730850b3050ae"}
}
