TN:
SF:/Users/bradleyadams/Desktop/DevWork/workspace/Toolies/knexfile.js
FNF:0
FNH:0
DA:3,1
LF:1
LH:1
BRF:0
BRH:0
end_of_record
TN:
SF:/Users/bradleyadams/Desktop/DevWork/workspace/Toolies/migrations/20180719105837_users.js
FN:2,(anonymous_0)
FN:3,(anonymous_1)
FN:13,(anonymous_2)
FNF:3
FNH:2
FNDA:11,(anonymous_0)
FNDA:11,(anonymous_1)
FNDA:0,(anonymous_2)
DA:2,1
DA:3,11
DA:4,11
DA:5,11
DA:6,11
DA:7,11
DA:8,11
DA:9,11
DA:13,1
DA:14,0
LF:10
LH:9
BRF:0
BRH:0
end_of_record
TN:
SF:/Users/bradleyadams/Desktop/DevWork/workspace/Toolies/migrations/20180719105852_gear.js
FN:2,(anonymous_0)
FN:3,(anonymous_1)
FN:14,(anonymous_2)
FNF:3
FNH:2
FNDA:11,(anonymous_0)
FNDA:11,(anonymous_1)
FNDA:0,(anonymous_2)
DA:2,1
DA:3,11
DA:4,11
DA:5,11
DA:6,11
DA:7,11
DA:8,11
DA:9,11
DA:10,11
DA:14,1
DA:15,0
LF:11
LH:10
BRF:0
BRH:0
end_of_record
TN:
SF:/Users/bradleyadams/Desktop/DevWork/workspace/Toolies/seeds/populateGear.js
FN:2,(anonymous_0)
FN:5,(anonymous_1)
FNF:2
FNH:2
FNDA:11,(anonymous_0)
FNDA:11,(anonymous_1)
DA:2,1
DA:4,11
DA:8,11
LF:3
LH:3
BRF:0
BRH:0
end_of_record
TN:
SF:/Users/bradleyadams/Desktop/DevWork/workspace/Toolies/seeds/populateUsers.js
FN:4,(anonymous_0)
FN:7,(anonymous_1)
FNF:2
FNH:2
FNDA:11,(anonymous_0)
FNDA:11,(anonymous_1)
DA:1,1
DA:2,1
DA:4,1
DA:6,11
DA:9,11
LF:5
LH:5
BRF:0
BRH:0
end_of_record
TN:
SF:/Users/bradleyadams/Desktop/DevWork/workspace/Toolies/server/auth/hash.js
FN:3,generate
FN:7,compare
FNF:2
FNH:1
FNDA:1,generate
FNDA:0,compare
DA:1,1
DA:4,1
DA:8,0
DA:11,1
LF:4
LH:3
BRF:0
BRH:0
end_of_record
TN:
SF:/Users/bradleyadams/Desktop/DevWork/workspace/Toolies/server/db/connection.js
FNF:0
FNH:0
DA:1,1
DA:2,1
DA:4,1
LF:3
LH:3
BRDA:2,0,0,1
BRDA:2,0,1,0
BRF:2
BRH:1
end_of_record
TN:
SF:/Users/bradleyadams/Desktop/DevWork/workspace/Toolies/server/db/gear.js
FN:3,getGearWithUsers
FN:9,getGear
FN:15,getGearByGearId
FN:22,getGearByUserId
FN:28,addGear
FN:33,updateGear
FN:38,removeGearById
FNF:7
FNH:5
FNDA:1,getGearWithUsers
FNDA:1,getGear
FNDA:1,getGearByGearId
FNDA:0,getGearByUserId
FNDA:1,addGear
FNDA:1,updateGear
FNDA:0,removeGearById
DA:1,1
DA:4,1
DA:5,1
DA:10,1
DA:11,1
DA:16,1
DA:17,1
DA:23,0
DA:24,0
DA:29,1
DA:30,1
DA:34,1
DA:35,1
DA:39,0
DA:40,0
DA:44,1
LF:16
LH:12
BRDA:4,0,0,1
BRDA:4,0,1,0
BRDA:10,1,0,1
BRDA:10,1,1,0
BRDA:16,2,0,1
BRDA:16,2,1,0
BRDA:23,3,0,0
BRDA:23,3,1,0
BRDA:29,4,0,1
BRDA:29,4,1,0
BRDA:34,5,0,1
BRDA:34,5,1,0
BRDA:39,6,0,0
BRDA:39,6,1,0
BRF:14
BRH:5
end_of_record
TN:
SF:/Users/bradleyadams/Desktop/DevWork/workspace/Toolies/server/db/users.js
FN:4,createUser
FN:6,(anonymous_1)
FN:7,(anonymous_2)
FN:11,(anonymous_3)
FN:12,(anonymous_4)
FN:17,userExists
FN:22,(anonymous_6)
FN:27,getUserByName
FN:34,getUserById
FN:41,getUsers
FN:47,updateUser
FNF:11
FNH:10
FNDA:1,createUser
FNDA:1,(anonymous_1)
FNDA:1,(anonymous_2)
FNDA:1,(anonymous_3)
FNDA:0,(anonymous_4)
FNDA:1,userExists
FNDA:1,(anonymous_6)
FNDA:1,getUserByName
FNDA:1,getUserById
FNDA:1,getUsers
FNDA:1,updateUser
DA:1,1
DA:2,1
DA:5,1
DA:6,1
DA:7,1
DA:8,1
DA:9,1
DA:11,1
DA:12,0
DA:18,1
DA:19,1
DA:22,1
DA:28,1
DA:29,1
DA:35,1
DA:36,1
DA:42,1
DA:43,1
DA:48,1
DA:49,1
DA:56,1
LF:21
LH:20
BRDA:5,0,0,1
BRDA:5,0,1,0
BRDA:8,1,0,0
BRDA:8,1,1,1
BRDA:18,2,0,1
BRDA:18,2,1,0
BRDA:28,3,0,1
BRDA:28,3,1,0
BRDA:35,4,0,1
BRDA:35,4,1,0
BRDA:42,5,0,1
BRDA:42,5,1,0
BRDA:48,6,0,1
BRDA:48,6,1,0
BRF:14
BRH:7
end_of_record
TN:
SF:/Users/bradleyadams/Desktop/DevWork/workspace/Toolies/test/server/db/test-environment.js
FN:7,(anonymous_0)
FN:11,(anonymous_1)
FN:13,(anonymous_2)
FN:19,(anonymous_3)
FNF:4
FNH:4
FNDA:11,(anonymous_0)
FNDA:11,(anonymous_1)
FNDA:11,(anonymous_2)
FNDA:11,(anonymous_3)
DA:1,1
DA:3,1
DA:5,1
DA:7,11
DA:12,11
DA:14,11
DA:20,11
LF:7
LH:7
BRF:0
BRH:0
end_of_record
